<?xml version="1.0" encoding="UTF-8"?>
<!-- Generated by org.testng.reporters.JUnitReportReporter -->
<testsuite hostname="DESKTOP-S1Q52PL" failures="0" tests="1" name="TestCasefolder.Para_TC003" time="2.936" errors="0" timestamp="2023-06-11T13:39:38 IST" skipped="0">
  <testcase classname="TestCasefolder.Para_TC003" name="openNewAccount" time="2.936"/>
  <system-out/>
</testsuite> <!-- TestCasefolder.Para_TC003 -->
