<?xml version="1.0" encoding="UTF-8"?>
<!-- Generated by org.testng.reporters.JUnitReportReporter -->
<testsuite hostname="DESKTOP-S1Q52PL" failures="0" tests="1" name="TestCasefolder.TC001_Submit" time="4.279" errors="0" timestamp="2023-06-21T22:38:49 IST" skipped="0">
  <testcase classname="TestCasefolder.TC001_Submit" name="submitForm1" time="4.279"/>
  <system-out/>
</testsuite> <!-- TestCasefolder.TC001_Submit -->
