<?xml version="1.0" encoding="UTF-8"?>
<!-- Generated by org.testng.reporters.JUnitReportReporter -->
<testsuite hostname="DESKTOP-S1Q52PL" failures="0" tests="1" name="TestCasefolder.Para_TC002" time="6.823" errors="0" timestamp="2023-06-16T16:26:54 IST" skipped="0">
  <testcase classname="TestCasefolder.Para_TC002" name="TestRegister" time="6.823"/>
  <system-out/>
</testsuite> <!-- TestCasefolder.Para_TC002 -->
