<?xml version="1.0" encoding="UTF-8"?>
<!-- Generated by org.testng.reporters.JUnitReportReporter -->
<testsuite hostname="DESKTOP-S1Q52PL" failures="0" tests="2" name="TestCasefolder.TC002_DDT" time="7.182" errors="0" timestamp="2023-06-21T22:38:49 IST" skipped="0">
  <testcase classname="TestCasefolder.TC002_DDT" name="submitForm2" time="4.428"/>
  <system-out/>
  <testcase classname="TestCasefolder.TC002_DDT" name="submitForm2" time="2.754"/>
  <system-out/>
</testsuite> <!-- TestCasefolder.TC002_DDT -->
